<?xml version="1.0" encoding="UTF-8"?>
<!-- Generated by org.testng.reporters.JUnitReportReporter -->
<testsuite skipped="1" hostname="Infva06630" name="day1.FirstAPICall" tests="2" failures="0" timestamp="23 Sep 2019 19:06:03 GMT" time="25.101" errors="0">
  <testcase name="f2" time="25.101" classname="day1.FirstAPICall"/>
  <testcase name="f" classname="day1.FirstAPICall">
    <skipped/>
  </testcase> <!-- f -->
</testsuite> <!-- day1.FirstAPICall -->
