<?xml version="1.0" encoding="UTF-8"?>
<!-- Generated by org.testng.reporters.JUnitReportReporter -->
<testsuite skipped="0" hostname="Infva06630" name="day1.BasicAuthentication" tests="1" failures="0" timestamp="23 Sep 2019 22:58:14 GMT" time="4.699" errors="0">
  <testcase name="PreemptiveAuthentication" time="4.699" classname="day1.BasicAuthentication"/>
</testsuite> <!-- day1.BasicAuthentication -->
