<?xml version="1.0" encoding="UTF-8"?>
<!-- Generated by org.testng.reporters.JUnitReportReporter -->
<testsuite skipped="1" hostname="Infva06630" name="day1.StudentAppAPICalls" tests="2" failures="0" timestamp="23 Sep 2019 22:12:34 GMT" time="1.824" errors="0">
  <testcase name="putCall" time="1.824" classname="day1.StudentAppAPICalls"/>
  <testcase name="postCall" classname="day1.StudentAppAPICalls">
    <skipped/>
  </testcase> <!-- postCall -->
</testsuite> <!-- day1.StudentAppAPICalls -->
