<?xml version="1.0" encoding="UTF-8"?>
<!-- Generated by org.testng.reporters.JUnitReportReporter -->
<testsuite skipped="1" hostname="Infva06630" name="day1.Auth" tests="2" failures="0" timestamp="24 Sep 2019 00:41:54 GMT" time="6.654" errors="0">
  <testcase name="f2" time="6.654" classname="day1.Auth"/>
  <testcase name="f" classname="day1.Auth">
    <skipped/>
  </testcase> <!-- f -->
</testsuite> <!-- day1.Auth -->
